<?xml version='1.0' encoding='UTF-8'?>
<testsuite hostname="192.168.1.10" name="org.apache.spark.sql.hybrid.RowConverterSpec" tests="1" errors="0" failures="0" skipped="0" time="2.967" timestamp="2024-12-17T19:56:16">
          <properties>
      <property name="jline.esc.timeout" value="0"/><property name="jna.platform.library.path" value="/usr/lib:/usr/lib"/><property name="java.runtime.name" value="OpenJDK Runtime Environment"/><property name="sun.boot.library.path" value="/Users/davidpaneque/Library/Java/JavaVirtualMachines/corretto-1.8.0_422/Contents/Home/jre/lib"/><property name="java.vm.version" value="25.422-b05"/><property name="gopherProxySet" value="false"/><property name="java.vm.vendor" value="Amazon.com Inc."/><property name="java.vendor.url" value="https://aws.amazon.com/corretto/"/><property name="path.separator" value=":"/><property name="jna.loaded" value="true"/><property name="java.vm.name" value="OpenJDK 64-Bit Server VM"/><property name="file.encoding.pkg" value="sun.io"/><property name="user.country" value="RU"/><property name="sun.java.launcher" value="SUN_STANDARD"/><property name="sun.os.patch.level" value="unknown"/><property name="jna.nosys" value="true"/><property name="java.vm.specification.name" value="Java Virtual Machine Specification"/><property name="user.dir" value="/Users/davidpaneque/IdeaProjects/SparkAdvancedOnline"/><property name="java.runtime.version" value="1.8.0_422-b05"/><property name="jdk.lang.Process.launchMechanism" value="POSIX_SPAWN"/><property name="java.awt.graphicsenv" value="sun.awt.CGraphicsEnvironment"/><property name="idea.managed" value="true"/><property name="java.endorsed.dirs" value="/Users/davidpaneque/Library/Java/JavaVirtualMachines/corretto-1.8.0_422/Contents/Home/jre/lib/endorsed"/><property name="os.arch" value="x86_64"/><property name="java.io.tmpdir" value="/var/folders/0z/gppjhdcj5jsffm9357253zy00000gn/T/"/><property name="line.separator" value="
"/><property name="java.vm.specification.vendor" value="Oracle Corporation"/><property name="log4j.ignoreTCL" value="true"/><property name="os.name" value="Mac OS X"/><property name="sun.jnu.encoding" value="UTF-8"/><property name="jnidispatch.path" value="/Users/davidpaneque/Library/Caches/JNA/temp/jna6374578317789582753.tmp"/><property name="jetty.git.hash" value="cef3fbd6d736a21e7d541a5db490381d95a2047d"/><property name="java.library.path" value="/Users/davidpaneque/Library/Java/Extensions:/Library/Java/Extensions:/Network/Library/Java/Extensions:/System/Library/Java/Extensions:/usr/lib/java:."/><property name="java.specification.name" value="Java Platform API Specification"/><property name="java.class.version" value="52.0"/><property name="sbt.ipcsocket.tmpdir" value="/var/folders/0z/gppjhdcj5jsffm9357253zy00000gn/T/.sbtd4c7e65f/ipcsocket"/><property name="sun.management.compiler" value="HotSpot 64-Bit Tiered Compilers"/><property name="os.version" value="15.1.1"/><property name="swoval.tmpdir" value="/var/folders/0z/gppjhdcj5jsffm9357253zy00000gn/T/.sbtd4c7e65f/swoval"/><property name="user.home" value="/Users/davidpaneque"/><property name="user.timezone" value="Europe/Moscow"/><property name="java.awt.printerjob" value="sun.lwawt.macosx.CPrinterJob"/><property name="idea.installation.dir" value="/Applications/IntelliJ IDEA CE.app/Contents"/><property name="file.encoding" value="UTF-8"/><property name="java.specification.version" value="1.8"/><property name="java.class.path" value="/Users/davidpaneque/Library/Application Support/JetBrains/IdeaIC2023.3/plugins/Scala/launcher/sbt-launch.jar"/><property name="user.name" value="davidpaneque"/><property name="jline.shutdownhook" value="false"/><property name="java.vm.specification.version" value="1.8"/><property name="sun.java.command" value="/Users/davidpaneque/Library/Application Support/JetBrains/IdeaIC2023.3/plugins/Scala/launcher/sbt-launch.jar early(addPluginSbtFile=&quot;&quot;&quot;/private/var/folders/0z/gppjhdcj5jsffm9357253zy00000gn/T/idea6.sbt&quot;&quot;&quot;) ; set ideaPort in Global := 62374 ; idea-shell"/><property name="java.home" value="/Users/davidpaneque/Library/Java/JavaVirtualMachines/corretto-1.8.0_422/Contents/Home/jre"/><property name="sun.arch.data.model" value="64"/><property name="user.language" value="ru"/><property name="java.specification.vendor" value="Oracle Corporation"/><property name="awt.toolkit" value="sun.lwawt.macosx.LWCToolkit"/><property name="java.vm.info" value="mixed mode"/><property name="java.version" value="1.8.0_422"/><property name="java.ext.dirs" value="/Users/davidpaneque/Library/Java/Extensions:/Users/davidpaneque/Library/Java/JavaVirtualMachines/corretto-1.8.0_422/Contents/Home/jre/lib/ext:/Library/Java/Extensions:/Network/Library/Java/Extensions:/System/Library/Java/Extensions:/usr/lib/java"/><property name="sun.boot.class.path" value="/Users/davidpaneque/Library/Java/JavaVirtualMachines/corretto-1.8.0_422/Contents/Home/jre/lib/resources.jar:/Users/davidpaneque/Library/Java/JavaVirtualMachines/corretto-1.8.0_422/Contents/Home/jre/lib/rt.jar:/Users/davidpaneque/Library/Java/JavaVirtualMachines/corretto-1.8.0_422/Contents/Home/jre/lib/sunrsasign.jar:/Users/davidpaneque/Library/Java/JavaVirtualMachines/corretto-1.8.0_422/Contents/Home/jre/lib/jsse.jar:/Users/davidpaneque/Library/Java/JavaVirtualMachines/corretto-1.8.0_422/Contents/Home/jre/lib/jce.jar:/Users/davidpaneque/Library/Java/JavaVirtualMachines/corretto-1.8.0_422/Contents/Home/jre/lib/charsets.jar:/Users/davidpaneque/Library/Java/JavaVirtualMachines/corretto-1.8.0_422/Contents/Home/jre/lib/jfr.jar:/Users/davidpaneque/Library/Java/JavaVirtualMachines/corretto-1.8.0_422/Contents/Home/jre/classes"/><property name="java.vendor" value="Amazon.com Inc."/><property name="java.specification.maintenance.version" value="5"/><property name="file.separator" value="/"/><property name="java.vendor.url.bug" value="https://github.com/corretto/corretto-8/issues/"/><property name="sbt.supershell" value="false"/><property name="sun.io.unicode.encoding" value="UnicodeBig"/><property name="sun.cpu.endian" value="little"/><property name="sun.cpu.isalist" value=""/>
    </properties>
          <testcase classname="org.apache.spark.sql.hybrid.RowConverterSpec" name="Converter should work" time="2.967">
                      
                    </testcase>
          <system-out><![CDATA[]]></system-out>
          <system-err><![CDATA[]]></system-err>
        </testsuite>